info it worked if it ends with ok
verbose cli [ 'node', '/usr/local/bin/npm', 'install', 'flash' ]
info using npm@1.1.0-2
info using node@v0.6.8
verbose config file /Users/andrinheusser/.npmrc
verbose config file /usr/local/etc/npmrc
verbose config file /usr/local/lib/node_modules/npm/npmrc
verbose caching /Users/andrinheusser/Sites/feedback/server/package.json
verbose loadDefaults application-name@0.0.1
verbose caching /Users/andrinheusser/Sites/feedback/server/node_modules/connect/package.json
verbose loadDefaults connect@1.8.5
verbose caching /Users/andrinheusser/Sites/feedback/server/node_modules/express/package.json
verbose loadDefaults express@2.5.5
verbose caching /Users/andrinheusser/Sites/feedback/server/node_modules/jade/package.json
verbose loadDefaults jade@0.20.0
verbose caching /Users/andrinheusser/Sites/feedback/server/node_modules/less/package.json
verbose loadDefaults less@1.2.0
verbose caching /Users/andrinheusser/Sites/feedback/server/node_modules/mongoose/package.json
verbose loadDefaults mongoose@2.4.10
verbose caching /Users/andrinheusser/Sites/feedback/server/node_modules/nodemon/package.json
verbose loadDefaults nodemon@0.6.7
WARN session@0.1.0 package.json: bugs['web'] should probably be bugs['url']
verbose caching /Users/andrinheusser/Sites/feedback/server/node_modules/session/package.json
verbose loadDefaults session@0.1.0
verbose caching /Users/andrinheusser/Sites/feedback/server/node_modules/socket.io/package.json
verbose loadDefaults socket.io@0.8.7
verbose caching /Users/andrinheusser/Sites/feedback/server/node_modules/websocket.io/package.json
verbose loadDefaults websocket.io@0.1.4
verbose from cache /Users/andrinheusser/Sites/feedback/server/package.json
verbose cache add [ 'flash', null ]
silly cache add: name, spec, args [ undefined, 'flash', [ 'flash', null ] ]
verbose parsed url { pathname: 'flash', path: 'flash', href: 'flash' }
verbose addNamed [ 'flash', '' ]
verbose addNamed [ null, '' ]
silly name, range, hasData [ 'flash', '', false ]
verbose raw, before any munging flash
verbose url resolving [ 'https://registry.npmjs.org/', './flash' ]
verbose url resolved https://registry.npmjs.org/flash
http GET https://registry.npmjs.org/flash
http 404 https://registry.npmjs.org/flash
silly get cb [ 404,
silly get cb   { server: 'CouchDB/1.1.0 (Erlang OTP/R14B04)',
silly get cb     date: 'Mon, 23 Jan 2012 00:33:47 GMT',
silly get cb     'content-type': 'application/json',
silly get cb     'content-length': '52',
silly get cb     'cache-control': 'must-revalidate' } ]
ERR! 404 'flash' is not in the npm registry.
ERR! 404 You should bug the author to publish it
ERR! 404 Note that you can also install from a
ERR! 404 tarball, folder, or http url, or git url.
ERR! 
ERR! System Darwin 10.7.0
ERR! command "node" "/usr/local/bin/npm" "install" "flash"
ERR! cwd /Users/andrinheusser/Sites/feedback/server
ERR! node -v v0.6.8
ERR! npm -v 1.1.0-2
ERR! code E404
ERR! message 404 Not Found: flash
ERR! errno {}
verbose exit [ 1, true ]
